Analysis & Synthesis report for DE1_SoC
Wed May 08 15:43:25 2019
Quartus Prime Version 17.0.2 Build 602 07/19/2017 SJ Standard Edition


---------------------
; Table of Contents ;
---------------------
  1. Legal Notice
  2. Analysis & Synthesis Summary
  3. Analysis & Synthesis Settings
  4. Parallel Compilation
  5. Analysis & Synthesis Source Files Read
  6. Analysis & Synthesis Resource Usage Summary
  7. Analysis & Synthesis Resource Utilization by Entity
  8. State Machine - |DE1_SoC|playField:tugOfWar|victory:win|ps
  9. Registers Removed During Synthesis
 10. General Register Statistics
 11. Parameter Settings for User Entity Instance: playField:tugOfWar|normalLight:one
 12. Parameter Settings for User Entity Instance: playField:tugOfWar|normalLight:two
 13. Parameter Settings for User Entity Instance: playField:tugOfWar|normalLight:three
 14. Parameter Settings for User Entity Instance: playField:tugOfWar|normalLight:four
 15. Parameter Settings for User Entity Instance: playField:tugOfWar|centerLight:center
 16. Parameter Settings for User Entity Instance: playField:tugOfWar|normalLight:six
 17. Parameter Settings for User Entity Instance: playField:tugOfWar|normalLight:seven
 18. Parameter Settings for User Entity Instance: playField:tugOfWar|normalLight:eight
 19. Parameter Settings for User Entity Instance: playField:tugOfWar|normalLight:nine
 20. Port Connectivity Checks: "playField:tugOfWar|normalLight:nine"
 21. Port Connectivity Checks: "playField:tugOfWar|normalLight:one"
 22. Post-Synthesis Netlist Statistics for Top Partition
 23. Elapsed Time Per Partition
 24. Analysis & Synthesis Messages



----------------
; Legal Notice ;
----------------
Copyright (C) 2017  Intel Corporation. All rights reserved.
Your use of Intel Corporation's design tools, logic functions 
and other software and tools, and its AMPP partner logic 
functions, and any output files from any of the foregoing 
(including device programming or simulation files), and any 
associated documentation or information are expressly subject 
to the terms and conditions of the Intel Program License 
Subscription Agreement, the Intel Quartus Prime License Agreement,
the Intel MegaCore Function License Agreement, or other 
applicable license agreement, including, without limitation, 
that your use is for the sole purpose of programming logic 
devices manufactured by Intel and sold by Intel or its 
authorized distributors.  Please refer to the applicable 
agreement for further details.



+-----------------------------------------------------------------------------------+
; Analysis & Synthesis Summary                                                      ;
+---------------------------------+-------------------------------------------------+
; Analysis & Synthesis Status     ; Successful - Wed May 08 15:43:24 2019           ;
; Quartus Prime Version           ; 17.0.2 Build 602 07/19/2017 SJ Standard Edition ;
; Revision Name                   ; DE1_SoC                                         ;
; Top-level Entity Name           ; DE1_SoC                                         ;
; Family                          ; Cyclone V                                       ;
; Logic utilization (in ALMs)     ; N/A                                             ;
; Total registers                 ; 18                                              ;
; Total pins                      ; 67                                              ;
; Total virtual pins              ; 0                                               ;
; Total block memory bits         ; 0                                               ;
; Total DSP Blocks                ; 0                                               ;
; Total HSSI RX PCSs              ; 0                                               ;
; Total HSSI PMA RX Deserializers ; 0                                               ;
; Total HSSI TX PCSs              ; 0                                               ;
; Total HSSI PMA TX Serializers   ; 0                                               ;
; Total PLLs                      ; 0                                               ;
; Total DLLs                      ; 0                                               ;
+---------------------------------+-------------------------------------------------+


+---------------------------------------------------------------------------------------------------------------------------+
; Analysis & Synthesis Settings                                                                                             ;
+---------------------------------------------------------------------------------+--------------------+--------------------+
; Option                                                                          ; Setting            ; Default Value      ;
+---------------------------------------------------------------------------------+--------------------+--------------------+
; Device                                                                          ; 5CSEMA5F31C6       ;                    ;
; Top-level entity name                                                           ; DE1_SoC            ; DE1_SoC            ;
; Family name                                                                     ; Cyclone V          ; Cyclone V          ;
; State Machine Processing                                                        ; User-Encoded       ; Auto               ;
; Use smart compilation                                                           ; Off                ; Off                ;
; Enable parallel Assembler and TimeQuest Timing Analyzer during compilation      ; On                 ; On                 ;
; Enable compact report table                                                     ; Off                ; Off                ;
; Restructure Multiplexers                                                        ; Auto               ; Auto               ;
; MLAB Add Timing Constraints For Mixed-Port Feed-Through Mode Setting Don't Care ; Off                ; Off                ;
; Create Debugging Nodes for IP Cores                                             ; Off                ; Off                ;
; Preserve fewer node names                                                       ; On                 ; On                 ;
; OpenCore Plus hardware evaluation                                               ; Enable             ; Enable             ;
; Verilog Version                                                                 ; Verilog_2001       ; Verilog_2001       ;
; VHDL Version                                                                    ; VHDL_1993          ; VHDL_1993          ;
; Safe State Machine                                                              ; Off                ; Off                ;
; Extract Verilog State Machines                                                  ; On                 ; On                 ;
; Extract VHDL State Machines                                                     ; On                 ; On                 ;
; Ignore Verilog initial constructs                                               ; Off                ; Off                ;
; Iteration limit for constant Verilog loops                                      ; 5000               ; 5000               ;
; Iteration limit for non-constant Verilog loops                                  ; 250                ; 250                ;
; Add Pass-Through Logic to Inferred RAMs                                         ; On                 ; On                 ;
; Infer RAMs from Raw Logic                                                       ; On                 ; On                 ;
; Parallel Synthesis                                                              ; On                 ; On                 ;
; DSP Block Balancing                                                             ; Auto               ; Auto               ;
; NOT Gate Push-Back                                                              ; On                 ; On                 ;
; Power-Up Don't Care                                                             ; On                 ; On                 ;
; Remove Redundant Logic Cells                                                    ; Off                ; Off                ;
; Remove Duplicate Registers                                                      ; On                 ; On                 ;
; Ignore CARRY Buffers                                                            ; Off                ; Off                ;
; Ignore CASCADE Buffers                                                          ; Off                ; Off                ;
; Ignore GLOBAL Buffers                                                           ; Off                ; Off                ;
; Ignore ROW GLOBAL Buffers                                                       ; Off                ; Off                ;
; Ignore LCELL Buffers                                                            ; Off                ; Off                ;
; Ignore SOFT Buffers                                                             ; On                 ; On                 ;
; Limit AHDL Integers to 32 Bits                                                  ; Off                ; Off                ;
; Optimization Technique                                                          ; Balanced           ; Balanced           ;
; Carry Chain Length                                                              ; 70                 ; 70                 ;
; Auto Carry Chains                                                               ; On                 ; On                 ;
; Auto Open-Drain Pins                                                            ; On                 ; On                 ;
; Perform WYSIWYG Primitive Resynthesis                                           ; Off                ; Off                ;
; Auto ROM Replacement                                                            ; On                 ; On                 ;
; Auto RAM Replacement                                                            ; On                 ; On                 ;
; Auto DSP Block Replacement                                                      ; On                 ; On                 ;
; Auto Shift Register Replacement                                                 ; Auto               ; Auto               ;
; Allow Shift Register Merging across Hierarchies                                 ; Auto               ; Auto               ;
; Auto Clock Enable Replacement                                                   ; On                 ; On                 ;
; Strict RAM Replacement                                                          ; Off                ; Off                ;
; Allow Synchronous Control Signals                                               ; On                 ; On                 ;
; Force Use of Synchronous Clear Signals                                          ; Off                ; Off                ;
; Auto Resource Sharing                                                           ; Off                ; Off                ;
; Allow Any RAM Size For Recognition                                              ; Off                ; Off                ;
; Allow Any ROM Size For Recognition                                              ; Off                ; Off                ;
; Allow Any Shift Register Size For Recognition                                   ; Off                ; Off                ;
; Use LogicLock Constraints during Resource Balancing                             ; On                 ; On                 ;
; Ignore translate_off and synthesis_off directives                               ; Off                ; Off                ;
; Timing-Driven Synthesis                                                         ; On                 ; On                 ;
; Report Parameter Settings                                                       ; On                 ; On                 ;
; Report Source Assignments                                                       ; On                 ; On                 ;
; Report Connectivity Checks                                                      ; On                 ; On                 ;
; Ignore Maximum Fan-Out Assignments                                              ; Off                ; Off                ;
; Synchronization Register Chain Length                                           ; 3                  ; 3                  ;
; PowerPlay Power Optimization During Synthesis                                   ; Normal compilation ; Normal compilation ;
; HDL message level                                                               ; Level2             ; Level2             ;
; Suppress Register Optimization Related Messages                                 ; Off                ; Off                ;
; Number of Removed Registers Reported in Synthesis Report                        ; 5000               ; 5000               ;
; Number of Swept Nodes Reported in Synthesis Report                              ; 5000               ; 5000               ;
; Number of Inverted Registers Reported in Synthesis Report                       ; 100                ; 100                ;
; Clock MUX Protection                                                            ; On                 ; On                 ;
; Auto Gated Clock Conversion                                                     ; Off                ; Off                ;
; Block Design Naming                                                             ; Auto               ; Auto               ;
; SDC constraint protection                                                       ; Off                ; Off                ;
; Synthesis Effort                                                                ; Auto               ; Auto               ;
; Shift Register Replacement - Allow Asynchronous Clear Signal                    ; On                 ; On                 ;
; Pre-Mapping Resynthesis Optimization                                            ; Off                ; Off                ;
; Analysis & Synthesis Message Level                                              ; Medium             ; Medium             ;
; Disable Register Merging Across Hierarchies                                     ; Auto               ; Auto               ;
; Resource Aware Inference For Block RAM                                          ; On                 ; On                 ;
; Automatic Parallel Synthesis                                                    ; On                 ; On                 ;
; Partial Reconfiguration Bitstream ID                                            ; Off                ; Off                ;
+---------------------------------------------------------------------------------+--------------------+--------------------+


+------------------------------------------+
; Parallel Compilation                     ;
+----------------------------+-------------+
; Processors                 ; Number      ;
+----------------------------+-------------+
; Number detected on machine ; 12          ;
; Maximum allowed            ; 6           ;
;                            ;             ;
; Average used               ; 1.00        ;
; Maximum used               ; 6           ;
;                            ;             ;
; Usage by Processor         ; % Time Used ;
;     Processor 1            ; 100.0%      ;
;     Processors 2-6         ;   0.0%      ;
+----------------------------+-------------+


+----------------------------------------------------------------------------------------------------------------------------+
; Analysis & Synthesis Source Files Read                                                                                     ;
+----------------------------------+-----------------+------------------------------+------------------------------+---------+
; File Name with User-Entered Path ; Used in Netlist ; File Type                    ; File Name with Absolute Path ; Library ;
+----------------------------------+-----------------+------------------------------+------------------------------+---------+
; DE1_SoC.sv                       ; yes             ; User SystemVerilog HDL File  ; U:/271/lab4/DE1_SoC.sv       ;         ;
; normalLight.sv                   ; yes             ; User SystemVerilog HDL File  ; U:/271/lab4/normalLight.sv   ;         ;
; centerLight.sv                   ; yes             ; User SystemVerilog HDL File  ; U:/271/lab4/centerLight.sv   ;         ;
; victory.sv                       ; yes             ; User SystemVerilog HDL File  ; U:/271/lab4/victory.sv       ;         ;
; userInput.sv                     ; yes             ; User SystemVerilog HDL File  ; U:/271/lab4/userInput.sv     ;         ;
; keyPress2.sv                     ; yes             ; User SystemVerilog HDL File  ; U:/271/lab4/keyPress2.sv     ;         ;
; metastability.sv                 ; yes             ; User SystemVerilog HDL File  ; U:/271/lab4/metastability.sv ;         ;
; playField.sv                     ; yes             ; User SystemVerilog HDL File  ; U:/271/lab4/playField.sv     ;         ;
+----------------------------------+-----------------+------------------------------+------------------------------+---------+


+--------------------------------------------------------------+
; Analysis & Synthesis Resource Usage Summary                  ;
+---------------------------------------------+----------------+
; Resource                                    ; Usage          ;
+---------------------------------------------+----------------+
; Estimate of Logic utilization (ALMs needed) ; 12             ;
;                                             ;                ;
; Combinational ALUT usage for logic          ; 20             ;
;     -- 7 input functions                    ; 0              ;
;     -- 6 input functions                    ; 3              ;
;     -- 5 input functions                    ; 9              ;
;     -- 4 input functions                    ; 0              ;
;     -- <=3 input functions                  ; 8              ;
;                                             ;                ;
; Dedicated logic registers                   ; 18             ;
;                                             ;                ;
; I/O pins                                    ; 67             ;
;                                             ;                ;
; Total DSP Blocks                            ; 0              ;
;                                             ;                ;
; Maximum fan-out node                        ; CLOCK_50~input ;
; Maximum fan-out                             ; 18             ;
; Total fan-out                               ; 208            ;
; Average fan-out                             ; 1.21           ;
+---------------------------------------------+----------------+


+---------------------------------------------------------------------------------------------------------------------------------------------------------------------------------------------------------------------+
; Analysis & Synthesis Resource Utilization by Entity                                                                                                                                                                 ;
+----------------------------+---------------------+---------------------------+-------------------+------------+------+--------------+------------------------------------------------+---------------+--------------+
; Compilation Hierarchy Node ; Combinational ALUTs ; Dedicated Logic Registers ; Block Memory Bits ; DSP Blocks ; Pins ; Virtual Pins ; Full Hierarchy Name                            ; Entity Name   ; Library Name ;
+----------------------------+---------------------+---------------------------+-------------------+------------+------+--------------+------------------------------------------------+---------------+--------------+
; |DE1_SoC                   ; 20 (0)              ; 18 (0)                    ; 0                 ; 0          ; 67   ; 0            ; |DE1_SoC                                       ; DE1_SoC       ; work         ;
;    |playField:tugOfWar|    ; 12 (0)              ; 12 (0)                    ; 0                 ; 0          ; 0    ; 0            ; |DE1_SoC|playField:tugOfWar                    ; playField     ; work         ;
;       |centerLight:center| ; 1 (1)               ; 1 (1)                     ; 0                 ; 0          ; 0    ; 0            ; |DE1_SoC|playField:tugOfWar|centerLight:center ; centerLight   ; work         ;
;       |normalLight:eight|  ; 1 (1)               ; 1 (1)                     ; 0                 ; 0          ; 0    ; 0            ; |DE1_SoC|playField:tugOfWar|normalLight:eight  ; normalLight   ; work         ;
;       |normalLight:four|   ; 1 (1)               ; 1 (1)                     ; 0                 ; 0          ; 0    ; 0            ; |DE1_SoC|playField:tugOfWar|normalLight:four   ; normalLight   ; work         ;
;       |normalLight:nine|   ; 1 (1)               ; 1 (1)                     ; 0                 ; 0          ; 0    ; 0            ; |DE1_SoC|playField:tugOfWar|normalLight:nine   ; normalLight   ; work         ;
;       |normalLight:one|    ; 1 (1)               ; 1 (1)                     ; 0                 ; 0          ; 0    ; 0            ; |DE1_SoC|playField:tugOfWar|normalLight:one    ; normalLight   ; work         ;
;       |normalLight:seven|  ; 1 (1)               ; 1 (1)                     ; 0                 ; 0          ; 0    ; 0            ; |DE1_SoC|playField:tugOfWar|normalLight:seven  ; normalLight   ; work         ;
;       |normalLight:six|    ; 1 (1)               ; 1 (1)                     ; 0                 ; 0          ; 0    ; 0            ; |DE1_SoC|playField:tugOfWar|normalLight:six    ; normalLight   ; work         ;
;       |normalLight:three|  ; 1 (1)               ; 1 (1)                     ; 0                 ; 0          ; 0    ; 0            ; |DE1_SoC|playField:tugOfWar|normalLight:three  ; normalLight   ; work         ;
;       |normalLight:two|    ; 1 (1)               ; 1 (1)                     ; 0                 ; 0          ; 0    ; 0            ; |DE1_SoC|playField:tugOfWar|normalLight:two    ; normalLight   ; work         ;
;       |victory:win|        ; 3 (3)               ; 3 (3)                     ; 0                 ; 0          ; 0    ; 0            ; |DE1_SoC|playField:tugOfWar|victory:win        ; victory       ; work         ;
;    |userInput:keyEnter|    ; 8 (0)               ; 6 (0)                     ; 0                 ; 0          ; 0    ; 0            ; |DE1_SoC|userInput:keyEnter                    ; userInput     ; work         ;
;       |keyPress2:left|     ; 2 (2)               ; 1 (1)                     ; 0                 ; 0          ; 0    ; 0            ; |DE1_SoC|userInput:keyEnter|keyPress2:left     ; keyPress2     ; work         ;
;       |keyPress2:right|    ; 2 (2)               ; 1 (1)                     ; 0                 ; 0          ; 0    ; 0            ; |DE1_SoC|userInput:keyEnter|keyPress2:right    ; keyPress2     ; work         ;
;       |metastability:mL|   ; 2 (2)               ; 2 (2)                     ; 0                 ; 0          ; 0    ; 0            ; |DE1_SoC|userInput:keyEnter|metastability:mL   ; metastability ; work         ;
;       |metastability:mR|   ; 2 (2)               ; 2 (2)                     ; 0                 ; 0          ; 0    ; 0            ; |DE1_SoC|userInput:keyEnter|metastability:mR   ; metastability ; work         ;
+----------------------------+---------------------+---------------------------+-------------------+------------+------+--------------+------------------------------------------------+---------------+--------------+
Note: For table entries with two numbers listed, the numbers in parentheses indicate the number of resources of the given type used by the specific entity alone. The numbers listed outside of parentheses indicate the total resources of the given type used by the specific entity and all of its sub-entities in the hierarchy.


Encoding Type:  User-Encoded
+------------------------------------------------------------+
; State Machine - |DE1_SoC|playField:tugOfWar|victory:win|ps ;
+-----------+------+------+----------------------------------+
; Name      ; ps~4 ; ps~3 ; ps~2                             ;
+-----------+------+------+----------------------------------+
; ps.inGame ; 0    ; 0    ; 0                                ;
; ps.p1Wins ; 1    ; 1    ; 0                                ;
; ps.p2Wins ; 0    ; 1    ; 1                                ;
+-----------+------+------+----------------------------------+


+---------------------------------------------------------------------------------------+
; Registers Removed During Synthesis                                                    ;
+----------------------------------------------+----------------------------------------+
; Register name                                ; Reason for Removal                     ;
+----------------------------------------------+----------------------------------------+
; userInput:keyEnter|keyPress2:right|ps[1..31] ; Stuck at GND due to stuck port data_in ;
; userInput:keyEnter|keyPress2:left|ps[1..31]  ; Stuck at GND due to stuck port data_in ;
; playField:tugOfWar|victory:win|ps~5          ; Lost fanout                            ;
; playField:tugOfWar|victory:win|ps~6          ; Lost fanout                            ;
; playField:tugOfWar|victory:win|ps~7          ; Lost fanout                            ;
; playField:tugOfWar|victory:win|ps~8          ; Lost fanout                            ;
; Total Number of Removed Registers = 66       ;                                        ;
+----------------------------------------------+----------------------------------------+


+------------------------------------------------------+
; General Register Statistics                          ;
+----------------------------------------------+-------+
; Statistic                                    ; Value ;
+----------------------------------------------+-------+
; Total registers                              ; 18    ;
; Number of registers using Synchronous Clear  ; 10    ;
; Number of registers using Synchronous Load   ; 1     ;
; Number of registers using Asynchronous Clear ; 0     ;
; Number of registers using Asynchronous Load  ; 0     ;
; Number of registers using Clock Enable       ; 0     ;
; Number of registers using Preset             ; 0     ;
+----------------------------------------------+-------+


+---------------------------------------------------------------------------------+
; Parameter Settings for User Entity Instance: playField:tugOfWar|normalLight:one ;
+----------------+-------+--------------------------------------------------------+
; Parameter Name ; Value ; Type                                                   ;
+----------------+-------+--------------------------------------------------------+
; on             ; 1     ; Unsigned Binary                                        ;
; off            ; 0     ; Unsigned Binary                                        ;
+----------------+-------+--------------------------------------------------------+
Note: In order to hide this table in the UI and the text report file, please set the "Show Parameter Settings in Synthesis Report" option in "Analysis and Synthesis Settings -> More Settings" to "Off".


+---------------------------------------------------------------------------------+
; Parameter Settings for User Entity Instance: playField:tugOfWar|normalLight:two ;
+----------------+-------+--------------------------------------------------------+
; Parameter Name ; Value ; Type                                                   ;
+----------------+-------+--------------------------------------------------------+
; on             ; 1     ; Unsigned Binary                                        ;
; off            ; 0     ; Unsigned Binary                                        ;
+----------------+-------+--------------------------------------------------------+
Note: In order to hide this table in the UI and the text report file, please set the "Show Parameter Settings in Synthesis Report" option in "Analysis and Synthesis Settings -> More Settings" to "Off".


+-----------------------------------------------------------------------------------+
; Parameter Settings for User Entity Instance: playField:tugOfWar|normalLight:three ;
+----------------+-------+----------------------------------------------------------+
; Parameter Name ; Value ; Type                                                     ;
+----------------+-------+----------------------------------------------------------+
; on             ; 1     ; Unsigned Binary                                          ;
; off            ; 0     ; Unsigned Binary                                          ;
+----------------+-------+----------------------------------------------------------+
Note: In order to hide this table in the UI and the text report file, please set the "Show Parameter Settings in Synthesis Report" option in "Analysis and Synthesis Settings -> More Settings" to "Off".


+----------------------------------------------------------------------------------+
; Parameter Settings for User Entity Instance: playField:tugOfWar|normalLight:four ;
+----------------+-------+---------------------------------------------------------+
; Parameter Name ; Value ; Type                                                    ;
+----------------+-------+---------------------------------------------------------+
; on             ; 1     ; Unsigned Binary                                         ;
; off            ; 0     ; Unsigned Binary                                         ;
+----------------+-------+---------------------------------------------------------+
Note: In order to hide this table in the UI and the text report file, please set the "Show Parameter Settings in Synthesis Report" option in "Analysis and Synthesis Settings -> More Settings" to "Off".


+------------------------------------------------------------------------------------+
; Parameter Settings for User Entity Instance: playField:tugOfWar|centerLight:center ;
+----------------+-------+-----------------------------------------------------------+
; Parameter Name ; Value ; Type                                                      ;
+----------------+-------+-----------------------------------------------------------+
; on             ; 1     ; Unsigned Binary                                           ;
; off            ; 0     ; Unsigned Binary                                           ;
+----------------+-------+-----------------------------------------------------------+
Note: In order to hide this table in the UI and the text report file, please set the "Show Parameter Settings in Synthesis Report" option in "Analysis and Synthesis Settings -> More Settings" to "Off".


+---------------------------------------------------------------------------------+
; Parameter Settings for User Entity Instance: playField:tugOfWar|normalLight:six ;
+----------------+-------+--------------------------------------------------------+
; Parameter Name ; Value ; Type                                                   ;
+----------------+-------+--------------------------------------------------------+
; on             ; 1     ; Unsigned Binary                                        ;
; off            ; 0     ; Unsigned Binary                                        ;
+----------------+-------+--------------------------------------------------------+
Note: In order to hide this table in the UI and the text report file, please set the "Show Parameter Settings in Synthesis Report" option in "Analysis and Synthesis Settings -> More Settings" to "Off".


+-----------------------------------------------------------------------------------+
; Parameter Settings for User Entity Instance: playField:tugOfWar|normalLight:seven ;
+----------------+-------+----------------------------------------------------------+
; Parameter Name ; Value ; Type                                                     ;
+----------------+-------+----------------------------------------------------------+
; on             ; 1     ; Unsigned Binary                                          ;
; off            ; 0     ; Unsigned Binary                                          ;
+----------------+-------+----------------------------------------------------------+
Note: In order to hide this table in the UI and the text report file, please set the "Show Parameter Settings in Synthesis Report" option in "Analysis and Synthesis Settings -> More Settings" to "Off".


+-----------------------------------------------------------------------------------+
; Parameter Settings for User Entity Instance: playField:tugOfWar|normalLight:eight ;
+----------------+-------+----------------------------------------------------------+
; Parameter Name ; Value ; Type                                                     ;
+----------------+-------+----------------------------------------------------------+
; on             ; 1     ; Unsigned Binary                                          ;
; off            ; 0     ; Unsigned Binary                                          ;
+----------------+-------+----------------------------------------------------------+
Note: In order to hide this table in the UI and the text report file, please set the "Show Parameter Settings in Synthesis Report" option in "Analysis and Synthesis Settings -> More Settings" to "Off".


+----------------------------------------------------------------------------------+
; Parameter Settings for User Entity Instance: playField:tugOfWar|normalLight:nine ;
+----------------+-------+---------------------------------------------------------+
; Parameter Name ; Value ; Type                                                    ;
+----------------+-------+---------------------------------------------------------+
; on             ; 1     ; Unsigned Binary                                         ;
; off            ; 0     ; Unsigned Binary                                         ;
+----------------+-------+---------------------------------------------------------+
Note: In order to hide this table in the UI and the text report file, please set the "Show Parameter Settings in Synthesis Report" option in "Analysis and Synthesis Settings -> More Settings" to "Off".


+-----------------------------------------------------------------+
; Port Connectivity Checks: "playField:tugOfWar|normalLight:nine" ;
+------+-------+----------+---------------------------------------+
; Port ; Type  ; Severity ; Details                               ;
+------+-------+----------+---------------------------------------+
; NL   ; Input ; Info     ; Stuck at GND                          ;
+------+-------+----------+---------------------------------------+


+----------------------------------------------------------------+
; Port Connectivity Checks: "playField:tugOfWar|normalLight:one" ;
+------+-------+----------+--------------------------------------+
; Port ; Type  ; Severity ; Details                              ;
+------+-------+----------+--------------------------------------+
; NR   ; Input ; Info     ; Stuck at GND                         ;
+------+-------+----------+--------------------------------------+


+-----------------------------------------------------+
; Post-Synthesis Netlist Statistics for Top Partition ;
+-----------------------+-----------------------------+
; Type                  ; Count                       ;
+-----------------------+-----------------------------+
; arriav_ff             ; 18                          ;
;     SCLR              ; 10                          ;
;     SLD               ; 1                           ;
;     plain             ; 7                           ;
; arriav_lcell_comb     ; 25                          ;
;     normal            ; 25                          ;
;         0 data inputs ; 2                           ;
;         1 data inputs ; 3                           ;
;         2 data inputs ; 8                           ;
;         5 data inputs ; 9                           ;
;         6 data inputs ; 3                           ;
; boundary_port         ; 67                          ;
;                       ;                             ;
; Max LUT depth         ; 2.00                        ;
; Average LUT depth     ; 1.28                        ;
+-----------------------+-----------------------------+


+-------------------------------+
; Elapsed Time Per Partition    ;
+----------------+--------------+
; Partition Name ; Elapsed Time ;
+----------------+--------------+
; Top            ; 00:00:02     ;
+----------------+--------------+


+-------------------------------+
; Analysis & Synthesis Messages ;
+-------------------------------+
Info: *******************************************************************
Info: Running Quartus Prime Analysis & Synthesis
    Info: Version 17.0.2 Build 602 07/19/2017 SJ Standard Edition
    Info: Processing started: Wed May 08 15:42:57 2019
Info: Command: quartus_map --read_settings_files=on --write_settings_files=off DE1_SoC -c DE1_SoC
Warning (18236): Number of processors has not been specified which may cause overloading on shared machines.  Set the global assignment NUM_PARALLEL_PROCESSORS in your QSF to an appropriate value for best performance.
Info (20030): Parallel compilation is enabled and will use 6 of the 6 processors detected
Info (12021): Found 2 design units, including 2 entities, in source file de1_soc.sv
    Info (12023): Found entity 1: DE1_SoC File: U:/271/lab4/DE1_SoC.sv Line: 2
    Info (12023): Found entity 2: DE1_SoC_testbench File: U:/271/lab4/DE1_SoC.sv Line: 20
Info (12021): Found 2 design units, including 2 entities, in source file normallight.sv
    Info (12023): Found entity 1: normalLight File: U:/271/lab4/normalLight.sv Line: 2
    Info (12023): Found entity 2: normalLight_testbench File: U:/271/lab4/normalLight.sv Line: 39
Info (12021): Found 2 design units, including 2 entities, in source file centerlight.sv
    Info (12023): Found entity 1: centerLight File: U:/271/lab4/centerLight.sv Line: 2
    Info (12023): Found entity 2: centerLight_testbench File: U:/271/lab4/centerLight.sv Line: 39
Info (12021): Found 2 design units, including 2 entities, in source file victory.sv
    Info (12023): Found entity 1: victory File: U:/271/lab4/victory.sv Line: 1
    Info (12023): Found entity 2: victory_testbench File: U:/271/lab4/victory.sv Line: 38
Info (12021): Found 2 design units, including 2 entities, in source file userinput.sv
    Info (12023): Found entity 1: userInput File: U:/271/lab4/userInput.sv Line: 2
    Info (12023): Found entity 2: userInput_testbench File: U:/271/lab4/userInput.sv Line: 15
Info (12021): Found 2 design units, including 2 entities, in source file keypress.sv
    Info (12023): Found entity 1: keyPress File: U:/271/lab4/keyPress.sv Line: 2
    Info (12023): Found entity 2: keyPress_testbench File: U:/271/lab4/keyPress.sv Line: 37
Info (12021): Found 2 design units, including 2 entities, in source file keypress2.sv
    Info (12023): Found entity 1: keyPress2 File: U:/271/lab4/keyPress2.sv Line: 2
    Info (12023): Found entity 2: keyPress2_testbench File: U:/271/lab4/keyPress2.sv Line: 31
Info (12021): Found 2 design units, including 2 entities, in source file metastability.sv
    Info (12023): Found entity 1: metastability File: U:/271/lab4/metastability.sv Line: 2
    Info (12023): Found entity 2: metastability_testbench File: U:/271/lab4/metastability.sv Line: 25
Info (12021): Found 2 design units, including 2 entities, in source file playfield.sv
    Info (12023): Found entity 1: playField File: U:/271/lab4/playField.sv Line: 1
    Info (12023): Found entity 2: playField_testbench File: U:/271/lab4/playField.sv Line: 22
Info (12127): Elaborating entity "DE1_SoC" for the top level hierarchy
Warning (10034): Output port "HEX1" at DE1_SoC.sv(4) has no driver File: U:/271/lab4/DE1_SoC.sv Line: 4
Warning (10034): Output port "HEX2" at DE1_SoC.sv(4) has no driver File: U:/271/lab4/DE1_SoC.sv Line: 4
Warning (10034): Output port "HEX3" at DE1_SoC.sv(4) has no driver File: U:/271/lab4/DE1_SoC.sv Line: 4
Warning (10034): Output port "HEX4" at DE1_SoC.sv(4) has no driver File: U:/271/lab4/DE1_SoC.sv Line: 4
Warning (10034): Output port "HEX5" at DE1_SoC.sv(4) has no driver File: U:/271/lab4/DE1_SoC.sv Line: 4
Warning (10034): Output port "LEDR[0]" at DE1_SoC.sv(5) has no driver File: U:/271/lab4/DE1_SoC.sv Line: 5
Info (12128): Elaborating entity "userInput" for hierarchy "userInput:keyEnter" File: U:/271/lab4/DE1_SoC.sv Line: 13
Info (12128): Elaborating entity "metastability" for hierarchy "userInput:keyEnter|metastability:mL" File: U:/271/lab4/userInput.sv Line: 8
Info (12128): Elaborating entity "keyPress2" for hierarchy "userInput:keyEnter|keyPress2:left" File: U:/271/lab4/userInput.sv Line: 10
Info (12128): Elaborating entity "playField" for hierarchy "playField:tugOfWar" File: U:/271/lab4/DE1_SoC.sv Line: 14
Info (12128): Elaborating entity "normalLight" for hierarchy "playField:tugOfWar|normalLight:one" File: U:/271/lab4/playField.sv Line: 6
Info (12128): Elaborating entity "centerLight" for hierarchy "playField:tugOfWar|centerLight:center" File: U:/271/lab4/playField.sv Line: 11
Info (12128): Elaborating entity "victory" for hierarchy "playField:tugOfWar|victory:win" File: U:/271/lab4/playField.sv Line: 18
Warning (284006): Flipped 7 bits in user-encoded state machine |DE1_SoC|playField:tugOfWar|victory:win|ps
Warning (13024): Output pins are stuck at VCC or GND
    Warning (13410): Pin "HEX0[5]" is stuck at VCC File: U:/271/lab4/DE1_SoC.sv Line: 4
    Warning (13410): Pin "HEX1[0]" is stuck at GND File: U:/271/lab4/DE1_SoC.sv Line: 4
    Warning (13410): Pin "HEX1[1]" is stuck at GND File: U:/271/lab4/DE1_SoC.sv Line: 4
    Warning (13410): Pin "HEX1[2]" is stuck at GND File: U:/271/lab4/DE1_SoC.sv Line: 4
    Warning (13410): Pin "HEX1[3]" is stuck at GND File: U:/271/lab4/DE1_SoC.sv Line: 4
    Warning (13410): Pin "HEX1[4]" is stuck at GND File: U:/271/lab4/DE1_SoC.sv Line: 4
    Warning (13410): Pin "HEX1[5]" is stuck at GND File: U:/271/lab4/DE1_SoC.sv Line: 4
    Warning (13410): Pin "HEX1[6]" is stuck at GND File: U:/271/lab4/DE1_SoC.sv Line: 4
    Warning (13410): Pin "HEX2[0]" is stuck at GND File: U:/271/lab4/DE1_SoC.sv Line: 4
    Warning (13410): Pin "HEX2[1]" is stuck at GND File: U:/271/lab4/DE1_SoC.sv Line: 4
    Warning (13410): Pin "HEX2[2]" is stuck at GND File: U:/271/lab4/DE1_SoC.sv Line: 4
    Warning (13410): Pin "HEX2[3]" is stuck at GND File: U:/271/lab4/DE1_SoC.sv Line: 4
    Warning (13410): Pin "HEX2[4]" is stuck at GND File: U:/271/lab4/DE1_SoC.sv Line: 4
    Warning (13410): Pin "HEX2[5]" is stuck at GND File: U:/271/lab4/DE1_SoC.sv Line: 4
    Warning (13410): Pin "HEX2[6]" is stuck at GND File: U:/271/lab4/DE1_SoC.sv Line: 4
    Warning (13410): Pin "HEX3[0]" is stuck at GND File: U:/271/lab4/DE1_SoC.sv Line: 4
    Warning (13410): Pin "HEX3[1]" is stuck at GND File: U:/271/lab4/DE1_SoC.sv Line: 4
    Warning (13410): Pin "HEX3[2]" is stuck at GND File: U:/271/lab4/DE1_SoC.sv Line: 4
    Warning (13410): Pin "HEX3[3]" is stuck at GND File: U:/271/lab4/DE1_SoC.sv Line: 4
    Warning (13410): Pin "HEX3[4]" is stuck at GND File: U:/271/lab4/DE1_SoC.sv Line: 4
    Warning (13410): Pin "HEX3[5]" is stuck at GND File: U:/271/lab4/DE1_SoC.sv Line: 4
    Warning (13410): Pin "HEX3[6]" is stuck at GND File: U:/271/lab4/DE1_SoC.sv Line: 4
    Warning (13410): Pin "HEX4[0]" is stuck at GND File: U:/271/lab4/DE1_SoC.sv Line: 4
    Warning (13410): Pin "HEX4[1]" is stuck at GND File: U:/271/lab4/DE1_SoC.sv Line: 4
    Warning (13410): Pin "HEX4[2]" is stuck at GND File: U:/271/lab4/DE1_SoC.sv Line: 4
    Warning (13410): Pin "HEX4[3]" is stuck at GND File: U:/271/lab4/DE1_SoC.sv Line: 4
    Warning (13410): Pin "HEX4[4]" is stuck at GND File: U:/271/lab4/DE1_SoC.sv Line: 4
    Warning (13410): Pin "HEX4[5]" is stuck at GND File: U:/271/lab4/DE1_SoC.sv Line: 4
    Warning (13410): Pin "HEX4[6]" is stuck at GND File: U:/271/lab4/DE1_SoC.sv Line: 4
    Warning (13410): Pin "HEX5[0]" is stuck at GND File: U:/271/lab4/DE1_SoC.sv Line: 4
    Warning (13410): Pin "HEX5[1]" is stuck at GND File: U:/271/lab4/DE1_SoC.sv Line: 4
    Warning (13410): Pin "HEX5[2]" is stuck at GND File: U:/271/lab4/DE1_SoC.sv Line: 4
    Warning (13410): Pin "HEX5[3]" is stuck at GND File: U:/271/lab4/DE1_SoC.sv Line: 4
    Warning (13410): Pin "HEX5[4]" is stuck at GND File: U:/271/lab4/DE1_SoC.sv Line: 4
    Warning (13410): Pin "HEX5[5]" is stuck at GND File: U:/271/lab4/DE1_SoC.sv Line: 4
    Warning (13410): Pin "HEX5[6]" is stuck at GND File: U:/271/lab4/DE1_SoC.sv Line: 4
    Warning (13410): Pin "LEDR[0]" is stuck at GND File: U:/271/lab4/DE1_SoC.sv Line: 5
Info (286030): Timing-Driven Synthesis is running
Info (17049): 4 registers lost all their fanouts during netlist optimizations.
Info (16010): Generating hard_block partition "hard_block:auto_generated_inst"
    Info (16011): Adding 0 node(s), including 0 DDIO, 0 PLL, 0 transceiver and 0 LCELL
Warning (21074): Design contains 11 input pin(s) that do not drive logic
    Warning (15610): No output dependent on input pin "KEY[1]" File: U:/271/lab4/DE1_SoC.sv Line: 6
    Warning (15610): No output dependent on input pin "KEY[2]" File: U:/271/lab4/DE1_SoC.sv Line: 6
    Warning (15610): No output dependent on input pin "SW[0]" File: U:/271/lab4/DE1_SoC.sv Line: 7
    Warning (15610): No output dependent on input pin "SW[1]" File: U:/271/lab4/DE1_SoC.sv Line: 7
    Warning (15610): No output dependent on input pin "SW[2]" File: U:/271/lab4/DE1_SoC.sv Line: 7
    Warning (15610): No output dependent on input pin "SW[3]" File: U:/271/lab4/DE1_SoC.sv Line: 7
    Warning (15610): No output dependent on input pin "SW[4]" File: U:/271/lab4/DE1_SoC.sv Line: 7
    Warning (15610): No output dependent on input pin "SW[5]" File: U:/271/lab4/DE1_SoC.sv Line: 7
    Warning (15610): No output dependent on input pin "SW[6]" File: U:/271/lab4/DE1_SoC.sv Line: 7
    Warning (15610): No output dependent on input pin "SW[7]" File: U:/271/lab4/DE1_SoC.sv Line: 7
    Warning (15610): No output dependent on input pin "SW[8]" File: U:/271/lab4/DE1_SoC.sv Line: 7
Info (21057): Implemented 87 device resources after synthesis - the final resource count might be different
    Info (21058): Implemented 15 input pins
    Info (21059): Implemented 52 output pins
    Info (21061): Implemented 20 logic cells
Info: Quartus Prime Analysis & Synthesis was successful. 0 errors, 58 warnings
    Info: Peak virtual memory: 4876 megabytes
    Info: Processing ended: Wed May 08 15:43:25 2019
    Info: Elapsed time: 00:00:28
    Info: Total CPU time (on all processors): 00:00:29


